# JRE version: OpenJDK Runtime Environment (8.0_162-b12) (build 1.8.0_162-8u162-b12-0ubuntu0.16.04.2-b12)
# Java VM: OpenJDK 64-Bit Server VM (25.162-b12 mixed mode linux-amd64 compressed oops)
Heap:
 def new generation   total 55424K, used 54345K [0x00000000f0800000, 0x00000000f4420000, 0x00000000f5aa0000)
  eden space 49280K,  98% used [0x00000000f0800000, 0x00000000f3765c08, 0x00000000f3820000)
  from space 6144K,  94% used [0x00000000f3e20000, 0x00000000f43cc888, 0x00000000f4420000)
  to   space 6144K,  98% used [0x00000000f3820000, 0x00000000f3e0e1d8, 0x00000000f3e20000)
 tenured generation   total 143040K, used 142944K [0x00000000f5aa0000, 0x00000000fe650000, 0x0000000100000000)
   the space 143040K,  99% used [0x00000000f5aa0000, 0x00000000fe6382d8, 0x00000000fe638400, 0x00000000fe650000)
 Metaspace       used 60445K, capacity 62080K, committed 62464K, reserved 1103872K
  class space    used 7714K, capacity 8106K, committed 8192K, reserved 1048576K
GC Heap History (10 events):
Event: 23.381 GC heap after
Heap after GC invocations=120 (full 5):
 def new generation   total 55424K, used 3184K [0x00000000f0800000, 0x00000000f4420000, 0x00000000f5aa0000)
  eden space 49280K,   0% used [0x00000000f0800000, 0x00000000f0800000, 0x00000000f3820000)
  from space 6144K,  51% used [0x00000000f3e20000, 0x00000000f413c1f0, 0x00000000f4420000)
  to   space 6144K,   0% used [0x00000000f3820000, 0x00000000f3820000, 0x00000000f3e20000)
 tenured generation   total 123076K, used 101759K [0x00000000f5aa0000, 0x00000000fd2d1000, 0x0000000100000000)
   the space 123076K,  82% used [0x00000000f5aa0000, 0x00000000fbdfff58, 0x00000000fbe00000, 0x00000000fd2d1000)
 Metaspace       used 59204K, capacity 60756K, committed 60928K, reserved 1101824K
  class space    used 7546K, capacity 7912K, committed 7936K, reserved 1048576K
}
Event: 23.638 GC heap before
{Heap before GC invocations=120 (full 5):
 def new generation   total 55424K, used 52464K [0x00000000f0800000, 0x00000000f4420000, 0x00000000f5aa0000)
  eden space 49280K, 100% used [0x00000000f0800000, 0x00000000f3820000, 0x00000000f3820000)
  from space 6144K,  51% used [0x00000000f3e20000, 0x00000000f413c1f0, 0x00000000f4420000)
  to   space 6144K,   0% used [0x00000000f3820000, 0x00000000f3820000, 0x00000000f3e20000)
 tenured generation   total 123076K, used 101759K [0x00000000f5aa0000, 0x00000000fd2d1000, 0x0000000100000000)
   the space 123076K,  82% used [0x00000000f5aa0000, 0x00000000fbdfff58, 0x00000000fbe00000, 0x00000000fd2d1000)
 Metaspace       used 59228K, capacity 60820K, committed 60928K, reserved 1101824K
  class space    used 7546K, capacity 7912K, committed 7936K, reserved 1048576K
Event: 23.642 GC heap after
Heap after GC invocations=121 (full 5):
 def new generation   total 55424K, used 458K [0x00000000f0800000, 0x00000000f4420000, 0x00000000f5aa0000)
  eden space 49280K,   0% used [0x00000000f0800000, 0x00000000f0800000, 0x00000000f3820000)
  from space 6144K,   7% used [0x00000000f3820000, 0x00000000f38929c8, 0x00000000f3e20000)
  to   space 6144K,   0% used [0x00000000f3e20000, 0x00000000f3e20000, 0x00000000f4420000)
 tenured generation   total 123076K, used 101977K [0x00000000f5aa0000, 0x00000000fd2d1000, 0x0000000100000000)
   the space 123076K,  82% used [0x00000000f5aa0000, 0x00000000fbe36740, 0x00000000fbe36800, 0x00000000fd2d1000)
 Metaspace       used 59228K, capacity 60820K, committed 60928K, reserved 1101824K
  class space    used 7546K, capacity 7912K, committed 7936K, reserved 1048576K
}
Event: 24.110 GC heap before
{Heap before GC invocations=121 (full 5):
 def new generation   total 55424K, used 49738K [0x00000000f0800000, 0x00000000f4420000, 0x00000000f5aa0000)
  eden space 49280K, 100% used [0x00000000f0800000, 0x00000000f3820000, 0x00000000f3820000)
  from space 6144K,   7% used [0x00000000f3820000, 0x00000000f38929c8, 0x00000000f3e20000)
  to   space 6144K,   0% used [0x00000000f3e20000, 0x00000000f3e20000, 0x00000000f4420000)
 tenured generation   total 123076K, used 101977K [0x00000000f5aa0000, 0x00000000fd2d1000, 0x0000000100000000)
   the space 123076K,  82% used [0x00000000f5aa0000, 0x00000000fbe36740, 0x00000000fbe36800, 0x00000000fd2d1000)
 Metaspace       used 60065K, capacity 61672K, committed 61824K, reserved 1103872K
  class space    used 7655K, capacity 8060K, committed 8064K, reserved 1048576K
Event: 24.116 GC heap after
Heap after GC invocations=122 (full 5):
 def new generation   total 55424K, used 2413K [0x00000000f0800000, 0x00000000f4420000, 0x00000000f5aa0000)
  eden space 49280K,   0% used [0x00000000f0800000, 0x00000000f0800000, 0x00000000f3820000)
  from space 6144K,  39% used [0x00000000f3e20000, 0x00000000f407b518, 0x00000000f4420000)
  to   space 6144K,   0% used [0x00000000f3820000, 0x00000000f3820000, 0x00000000f3e20000)
 tenured generation   total 123076K, used 101977K [0x00000000f5aa0000, 0x00000000fd2d1000, 0x0000000100000000)
   the space 123076K,  82% used [0x00000000f5aa0000, 0x00000000fbe36740, 0x00000000fbe36800, 0x00000000fd2d1000)
 Metaspace       used 60065K, capacity 61672K, committed 61824K, reserved 1103872K
  class space    used 7655K, capacity 8060K, committed 8064K, reserved 1048576K
}
Event: 24.304 GC heap before
{Heap before GC invocations=122 (full 5):
 def new generation   total 55424K, used 52657K [0x00000000f0800000, 0x00000000f4420000, 0x00000000f5aa0000)
  eden space 49280K, 100% used [0x00000000f0800000, 0x00000000f3820000, 0x00000000f3820000)
  from space 6144K,  54% used [0x00000000f3e20000, 0x00000000f416c6e0, 0x00000000f4420000)
  to   space 6144K,   0% used [0x00000000f3820000, 0x00000000f3820000, 0x00000000f3e20000)
 tenured generation   total 123076K, used 101977K [0x00000000f5aa0000, 0x00000000fd2d1000, 0x0000000100000000)
   the space 123076K,  82% used [0x00000000f5aa0000, 0x00000000fbe36740, 0x00000000fbe36800, 0x00000000fd2d1000)
 Metaspace       used 60315K, capacity 61990K, committed 62208K, reserved 1103872K
  class space    used 7701K, capacity 8101K, committed 8192K, reserved 1048576K
Event: 24.321 GC heap after
Heap after GC invocations=123 (full 5):
 def new generation   total 55424K, used 6144K [0x00000000f0800000, 0x00000000f4420000, 0x00000000f5aa0000)
  eden space 49280K,   0% used [0x00000000f0800000, 0x00000000f0800000, 0x00000000f3820000)
  from space 6144K, 100% used [0x00000000f3820000, 0x00000000f3e20000, 0x00000000f3e20000)
  to   space 6144K,   0% used [0x00000000f3e20000, 0x00000000f3e20000, 0x00000000f4420000)
 tenured generation   total 123076K, used 113575K [0x00000000f5aa0000, 0x00000000fd2d1000, 0x0000000100000000)
   the space 123076K,  92% used [0x00000000f5aa0000, 0x00000000fc989eb8, 0x00000000fc98a000, 0x00000000fd2d1000)
 Metaspace       used 60315K, capacity 61990K, committed 62208K, reserved 1103872K
  class space    used 7701K, capacity 8101K, committed 8192K, reserved 1048576K
}
Event: 24.560 GC heap before
{Heap before GC invocations=123 (full 5):
 def new generation   total 55424K, used 51381K [0x00000000f0800000, 0x00000000f4420000, 0x00000000f5aa0000)
  eden space 49280K,  91% used [0x00000000f0800000, 0x00000000f342d760, 0x00000000f3820000)
  from space 6144K, 100% used [0x00000000f3820000, 0x00000000f3e20000, 0x00000000f3e20000)
  to   space 6144K,   0% used [0x00000000f3e20000, 0x00000000f3e20000, 0x00000000f4420000)
 tenured generation   total 123076K, used 118081K [0x00000000f5aa0000, 0x00000000fd2d1000, 0x0000000100000000)
   the space 123076K,  95% used [0x00000000f5aa0000, 0x00000000fcdf0728, 0x00000000fcdf0800, 0x00000000fd2d1000)
 Metaspace       used 60384K, capacity 62004K, committed 62208K, reserved 1103872K
  class space    used 7703K, capacity 8104K, committed 8192K, reserved 1048576K
Event: 24.572 GC heap after
Heap after GC invocations=124 (full 5):
 def new generation   total 55424K, used 5810K [0x00000000f0800000, 0x00000000f4420000, 0x00000000f5aa0000)
  eden space 49280K,   0% used [0x00000000f0800000, 0x00000000f0800000, 0x00000000f3820000)
  from space 6144K,  94% used [0x00000000f3e20000, 0x00000000f43cc888, 0x00000000f4420000)
  to   space 6144K,   0% used [0x00000000f3820000, 0x00000000f3820000, 0x00000000f3e20000)
 tenured generation   total 125088K, used 125074K [0x00000000f5aa0000, 0x00000000fd4c8000, 0x0000000100000000)
   the space 125088K,  99% used [0x00000000f5aa0000, 0x00000000fd4c4990, 0x00000000fd4c4a00, 0x00000000fd4c8000)
 Metaspace       used 60384K, capacity 62004K, committed 62208K, reserved 1103872K
  class space    used 7703K, capacity 8104K, committed 8192K, reserved 1048576K
}
Event: 25.573 GC heap before
{Heap before GC invocations=124 (full 5):
 def new generation   total 55424K, used 54345K [0x00000000f0800000, 0x00000000f4420000, 0x00000000f5aa0000)
  eden space 49280K,  98% used [0x00000000f0800000, 0x00000000f3765c08, 0x00000000f3820000)
  from space 6144K,  94% used [0x00000000f3e20000, 0x00000000f43cc888, 0x00000000f4420000)
  to   space 6144K,   0% used [0x00000000f3820000, 0x00000000f3820000, 0x00000000f3e20000)
 tenured generation   total 133284K, used 133266K [0x00000000f5aa0000, 0x00000000fdcc9000, 0x0000000100000000)
   the space 133284K,  99% used [0x00000000f5aa0000, 0x00000000fdcc49a0, 0x00000000fdcc4a00, 0x00000000fdcc9000)
 Metaspace       used 60445K, capacity 62080K, committed 62464K, reserved 1103872K
  class space    used 7714K, capacity 8106K, committed 8192K, reserved 1048576K

